This is pdfTeX, Version 3.14159265-2.6-1.40.16 (TeX Live 2015) (preloaded format=pdflatex 2016.5.9)  16 JUN 2016 11:34
entering extended mode
 restricted \write18 enabled.
 file:line:error style messages enabled.
 %&-line parsing enabled.
**"Einführung Programmierung.tex"
(./Einführung Programmierung.tex
LaTeX2e <2015/01/01>
Babel <3.9l> and hyphenation patterns for 79 languages loaded.
(/usr/local/texlive/2015/texmf-dist/tex/latex/base/article.cls
Document Class: article 2014/09/29 v1.4h Standard LaTeX document class
(/usr/local/texlive/2015/texmf-dist/tex/latex/base/size11.clo
File: size11.clo 2014/09/29 v1.4h Standard LaTeX file (size option)
)
\c@part=\count79
\c@section=\count80
\c@subsection=\count81
\c@subsubsection=\count82
\c@paragraph=\count83
\c@subparagraph=\count84
\c@figure=\count85
\c@table=\count86
\abovecaptionskip=\skip41
\belowcaptionskip=\skip42
\bibindent=\dimen102
) (/usr/local/texlive/2015/texmf-dist/tex/latex/graphics/graphicx.sty
Package: graphicx 2014/10/28 v1.0g Enhanced LaTeX Graphics (DPC,SPQR)
 (/usr/local/texlive/2015/texmf-dist/tex/latex/graphics/keyval.sty
Package: keyval 2014/10/28 v1.15 key=value parser (DPC)
\KV@toks@=\toks14
) (/usr/local/texlive/2015/texmf-dist/tex/latex/graphics/graphics.sty
Package: graphics 2014/10/28 v1.0p Standard LaTeX Graphics (DPC,SPQR)
 (/usr/local/texlive/2015/texmf-dist/tex/latex/graphics/trig.sty
Package: trig 1999/03/16 v1.09 sin cos tan (DPC)
) (/usr/local/texlive/2015/texmf-dist/tex/latex/latexconfig/graphics.cfg
File: graphics.cfg 2010/04/23 v1.9 graphics configuration of TeX Live
)
Package graphics Info: Driver file: pdftex.def on input line 94.
 (/usr/local/texlive/2015/texmf-dist/tex/latex/pdftex-def/pdftex.def
File: pdftex.def 2011/05/27 v0.06d Graphics/color for pdfTeX
 (/usr/local/texlive/2015/texmf-dist/tex/generic/oberdiek/infwarerr.sty
Package: infwarerr 2010/04/08 v1.3 Providing info/warning/error messages (HO)
) (/usr/local/texlive/2015/texmf-dist/tex/generic/oberdiek/ltxcmds.sty
Package: ltxcmds 2011/11/09 v1.22 LaTeX kernel commands for general use (HO)
)
\Gread@gobject=\count87
))
\Gin@req@height=\dimen103
\Gin@req@width=\dimen104
) (/usr/local/texlive/2015/texmf-dist/tex/latex/soul/soul.sty
Package: soul 2003/11/17 v2.4 letterspacing/underlining (mf)
\SOUL@word=\toks15
\SOUL@lasttoken=\toks16
\SOUL@cmds=\toks17
\SOUL@buffer=\toks18
\SOUL@token=\toks19
\SOUL@spaceskip=\skip43
\SOUL@ttwidth=\dimen105
\SOUL@uldp=\dimen106
\SOUL@ulht=\dimen107
) (/Users/Laurin/Documents/ETH/B2016/Summaries/Einführung Programmierung/.texpadtmp/Einführung Programmierung.aux)
\openout1 = `"Einführung Programmierung.aux"'.

LaTeX Font Info:    Checking defaults for OML/cmm/m/it on input line 7.
LaTeX Font Info:    ... okay on input line 7.
LaTeX Font Info:    Checking defaults for T1/cmr/m/n on input line 7.
LaTeX Font Info:    ... okay on input line 7.
LaTeX Font Info:    Checking defaults for OT1/cmr/m/n on input line 7.
LaTeX Font Info:    ... okay on input line 7.
LaTeX Font Info:    Checking defaults for OMS/cmsy/m/n on input line 7.
LaTeX Font Info:    ... okay on input line 7.
LaTeX Font Info:    Checking defaults for OMX/cmex/m/n on input line 7.
LaTeX Font Info:    ... okay on input line 7.
LaTeX Font Info:    Checking defaults for U/cmr/m/n on input line 7.
LaTeX Font Info:    ... okay on input line 7.
 (/usr/local/texlive/2015/texmf-dist/tex/context/base/supp-pdf.mkii
[Loading MPS to PDF converter (version 2006.09.02).]
\scratchcounter=\count88
\scratchdimen=\dimen108
\scratchbox=\box26
\nofMPsegments=\count89
\nofMParguments=\count90
\everyMPshowfont=\toks20
\MPscratchCnt=\count91
\MPscratchDim=\dimen109
\MPnumerator=\count92
\makeMPintoPDFobject=\count93
\everyMPtoPDFconversion=\toks21
) (/usr/local/texlive/2015/texmf-dist/tex/generic/oberdiek/pdftexcmds.sty
Package: pdftexcmds 2011/11/29 v0.20 Utility functions of pdfTeX for LuaTeX (HO)
 (/usr/local/texlive/2015/texmf-dist/tex/generic/oberdiek/ifluatex.sty
Package: ifluatex 2010/03/01 v1.3 Provides the ifluatex switch (HO)
Package ifluatex Info: LuaTeX not detected.
) (/usr/local/texlive/2015/texmf-dist/tex/generic/oberdiek/ifpdf.sty
Package: ifpdf 2011/01/30 v2.3 Provides the ifpdf switch (HO)
Package ifpdf Info: pdfTeX in PDF mode is detected.
)
Package pdftexcmds Info: LuaTeX not detected.
Package pdftexcmds Info: \pdf@primitive is available.
Package pdftexcmds Info: \pdf@ifprimitive is available.
Package pdftexcmds Info: \pdfdraftmode found.
) (/usr/local/texlive/2015/texmf-dist/tex/latex/oberdiek/epstopdf-base.sty
Package: epstopdf-base 2010/02/09 v2.5 Base part for package epstopdf
 (/usr/local/texlive/2015/texmf-dist/tex/latex/oberdiek/grfext.sty
Package: grfext 2010/08/19 v1.1 Manage graphics extensions (HO)
 (/usr/local/texlive/2015/texmf-dist/tex/generic/oberdiek/kvdefinekeys.sty
Package: kvdefinekeys 2011/04/07 v1.3 Define keys (HO)
)) (/usr/local/texlive/2015/texmf-dist/tex/latex/oberdiek/kvoptions.sty
Package: kvoptions 2011/06/30 v3.11 Key value format for package options (HO)
 (/usr/local/texlive/2015/texmf-dist/tex/generic/oberdiek/kvsetkeys.sty
Package: kvsetkeys 2012/04/25 v1.16 Key value parser (HO)
 (/usr/local/texlive/2015/texmf-dist/tex/generic/oberdiek/etexcmds.sty
Package: etexcmds 2011/02/16 v1.5 Avoid name clashes with e-TeX commands (HO)
Package etexcmds Info: Could not find \expanded.
(etexcmds)             That can mean that you are not using pdfTeX 1.50 or
(etexcmds)             that some package has redefined \expanded.
(etexcmds)             In the latter case, load this package earlier.
)))
Package grfext Info: Graphics extension search list:
(grfext)             [.png,.pdf,.jpg,.mps,.jpeg,.jbig2,.jb2,.PNG,.PDF,.JPG,.JPEG,.JBIG2,.JB2,.eps]
(grfext)             \AppendGraphicsExtensions on input line 452.
 (/usr/local/texlive/2015/texmf-dist/tex/latex/latexconfig/epstopdf-sys.cfg
File: epstopdf-sys.cfg 2010/07/13 v1.3 Configuration of (r)epstopdf for TeX Live
))
Underfull \hbox (badness 10000) in paragraph at lines 11--15

 []

[1

{/usr/local/texlive/2015/texmf-var/fonts/map/pdftex/updmap/pdftex.map}]
Underfull \hbox (badness 10000) in paragraph at lines 39--42

 []


Overfull \hbox (6.49693pt too wide) in paragraph at lines 46--48
\OT1/cmr/m/n/10.95 Every fea-ture call, will al-ways be called on a ob-ject (your[]object.your[]feature).
 []

[2] <feature.png, id=12, 1074.0125pt x 620.3175pt>
File: feature.png Graphic file (type png)
 <use feature.png>
Package pdftex.def Info: feature.png used on input line 56.
(pdftex.def)             Requested size: 537.00493pt x 310.15799pt.

Overfull \hbox (91.64667pt too wide) in paragraph at lines 55--57
| [] 
 []

[3] [4 <./feature.png>]
Underfull \hbox (badness 10000) in paragraph at lines 66--67

 []


Underfull \hbox (badness 10000) in paragraph at lines 66--67

 []

[5]
Underfull \hbox (badness 10000) in paragraph at lines 82--83

 []


Underfull \hbox (badness 10000) in paragraph at lines 82--83

 []

[6]
Underfull \hbox (badness 10000) in paragraph at lines 84--85

 []

[7]
Underfull \hbox (badness 10000) in paragraph at lines 104--105

 []


Underfull \hbox (badness 10000) in paragraph at lines 104--105

 []

[8] [9]
Underfull \hbox (badness 10000) in paragraph at lines 132--133

 []

[10]
Underfull \hbox (badness 10000) in paragraph at lines 146--149

 []


Underfull \hbox (badness 10000) in paragraph at lines 146--149

 []


Underfull \hbox (badness 10000) in paragraph at lines 151--153

 []

[11]
Underfull \hbox (badness 10000) in paragraph at lines 155--157

 []

[12]
Underfull \hbox (badness 10000) in paragraph at lines 158--159

 []


Underfull \hbox (badness 10000) in paragraph at lines 160--164

 []


Underfull \hbox (badness 10000) in paragraph at lines 160--164

 []

[13] [14]
Underfull \hbox (badness 10000) in paragraph at lines 189--190

 []

[15]
Underfull \hbox (badness 10000) in paragraph at lines 198--199

 []

[16]
Underfull \hbox (badness 10000) in paragraph at lines 204--205

 []

[17]
Underfull \hbox (badness 10000) in paragraph at lines 208--210

 []


Underfull \hbox (badness 10000) in paragraph at lines 213--214

 []


Underfull \hbox (badness 10000) in paragraph at lines 213--214

 []


Underfull \hbox (badness 10000) in paragraph at lines 213--214

 []

[18]
Underfull \hbox (badness 10000) in paragraph at lines 220--221

 []


Underfull \hbox (badness 10000) in paragraph at lines 220--221

 []

[19]
LaTeX Font Info:    External font `cmex10' loaded for size
(Font)              <10.95> on input line 222.
LaTeX Font Info:    External font `cmex10' loaded for size
(Font)              <8> on input line 222.
LaTeX Font Info:    External font `cmex10' loaded for size
(Font)              <6> on input line 222.

Underfull \hbox (badness 10000) in paragraph at lines 227--228

 []

[20] [21] <array.png, id=76, 440.64626pt x 269.005pt>
File: array.png Graphic file (type png)
 <use array.png>
Package pdftex.def Info: array.png used on input line 245.
(pdftex.def)             Requested size: 440.64517pt x 269.00433pt.
 [22] <list.png, id=80, 441.65pt x 300.12125pt>
File: list.png Graphic file (type png)
 <use list.png>
Package pdftex.def Info: list.png used on input line 248.
(pdftex.def)             Requested size: 441.64891pt x 300.12051pt.
 <linked.png, id=81, 438.63875pt x 291.0875pt>
File: linked.png Graphic file (type png)
 <use linked.png>
Package pdftex.def Info: linked.png used on input line 250.
(pdftex.def)             Requested size: 438.63766pt x 291.08678pt.
 [23 <./array.png>] [24 <./list.png>] <stack.png, id=90, 434.62375pt x 153.57375pt>
File: stack.png Graphic file (type png)
 <use stack.png>
Package pdftex.def Info: stack.png used on input line 253.
(pdftex.def)             Requested size: 434.62268pt x 153.57336pt.
 <queue.png, id=91, 437.635pt x 147.55125pt>
File: queue.png Graphic file (type png)
 <use queue.png>
Package pdftex.def Info: queue.png used on input line 256.
(pdftex.def)             Requested size: 437.63393pt x 147.55087pt.
 [25 <./linked.png> <./stack.png>] <table.png, id=98, 436.63126pt x 302.12875pt>
File: table.png Graphic file (type png)
 <use table.png>
Package pdftex.def Info: table.png used on input line 261.
(pdftex.def)             Requested size: 436.63019pt x 302.128pt.
 [26 <./queue.png>] [27 <./table.png>]
Underfull \hbox (badness 10000) in paragraph at lines 270--271

 []


Underfull \hbox (badness 10000) in paragraph at lines 274--275

 []


Underfull \hbox (badness 10000) in paragraph at lines 274--275

 []

[28] [29]
Overfull \hbox (2.7192pt too wide) in paragraph at lines 286--287
\OT1/cmr/m/n/10.95 The user drives the pro-gram with dif-fer-ent event op-tions he can trig-ger(mouse
 []

<model.png, id=113, 436.63126pt x 179.67125pt>
File: model.png Graphic file (type png)
 <use model.png>
Package pdftex.def Info: model.png used on input line 288.
(pdftex.def)             Requested size: 436.63019pt x 179.67079pt.

Underfull \hbox (badness 10000) in paragraph at lines 290--291

 []

[30 <./model.png>] <pub.png, id=118, 563.10374pt x 336.25626pt>
File: pub.png Graphic file (type png)
 <use pub.png>
Package pdftex.def Info: pub.png used on input line 292.
(pdftex.def)             Requested size: 563.10237pt x 336.25543pt.

Overfull \hbox (117.74411pt too wide) in paragraph at lines 292--294
| [] 
 []

[31 <./pub.png>] [32] [33] (/Users/Laurin/Documents/ETH/B2016/Summaries/Einführung Programmierung/.texpadtmp/Einführung Programmierung.aux) ) 
Here is how much of TeX's memory you used:
 1702 strings out of 493089
 24847 string characters out of 6134843
 92775 words of memory out of 5000000
 5187 multiletter control sequences out of 15000+600000
 8210 words of font info for 29 fonts, out of 8000000 for 9000
 1141 hyphenation exceptions out of 8191
 38i,5n,23p,1117b,216s stack positions out of 5000i,500n,10000p,200000b,80000s
</usr/local/texlive/2015/texmf-dist/fonts/type1/public/amsfonts/cm/cmbx10.pfb></usr/local/texlive/2015/texmf-dist/fonts/type1/public/amsfonts/cm/cmbx12.pfb></usr/local/texlive/2015/texmf-dist/fonts/type1/public/amsfonts/cm/cmr10.pfb></usr/local/texlive/2015/texmf-dist/fonts/type1/public/amsfonts/cm/cmsy10.pfb>
Output written on "/Users/Laurin/Documents/ETH/B2016/Summaries/Einführung Programmierung/.texpadtmp/Einführung Programmierung.pdf" (33 pages, 2592136 bytes).
PDF statistics:
 145 PDF objects out of 1000 (max. 8388607)
 87 compressed objects within 1 object stream
 0 named destinations out of 1000 (max. 500000)
 46 words of extra memory for PDF output out of 10000 (max. 10000000)

