This is pdfTeX, Version 3.14159265-2.6-1.40.16 (TeX Live 2015) (preloaded format=pdflatex 2016.5.11)  18 JUN 2016 12:28
entering extended mode
 restricted \write18 enabled.
 file:line:error style messages enabled.
 %&-line parsing enabled.
**Eprog.tex
(./Eprog.tex
LaTeX2e <2015/01/01>
Babel <3.9l> and hyphenation patterns for 79 languages loaded.
(/usr/local/texlive/2015/texmf-dist/tex/latex/base/article.cls
Document Class: article 2014/09/29 v1.4h Standard LaTeX document class
(/usr/local/texlive/2015/texmf-dist/tex/latex/base/size11.clo
File: size11.clo 2014/09/29 v1.4h Standard LaTeX file (size option)
)
\c@part=\count79
\c@section=\count80
\c@subsection=\count81
\c@subsubsection=\count82
\c@paragraph=\count83
\c@subparagraph=\count84
\c@figure=\count85
\c@table=\count86
\abovecaptionskip=\skip41
\belowcaptionskip=\skip42
\bibindent=\dimen102
) (/usr/local/texlive/2015/texmf-dist/tex/latex/graphics/graphicx.sty
Package: graphicx 2014/10/28 v1.0g Enhanced LaTeX Graphics (DPC,SPQR)
 (/usr/local/texlive/2015/texmf-dist/tex/latex/graphics/keyval.sty
Package: keyval 2014/10/28 v1.15 key=value parser (DPC)
\KV@toks@=\toks14
) (/usr/local/texlive/2015/texmf-dist/tex/latex/graphics/graphics.sty
Package: graphics 2014/10/28 v1.0p Standard LaTeX Graphics (DPC,SPQR)
 (/usr/local/texlive/2015/texmf-dist/tex/latex/graphics/trig.sty
Package: trig 1999/03/16 v1.09 sin cos tan (DPC)
) (/usr/local/texlive/2015/texmf-dist/tex/latex/latexconfig/graphics.cfg
File: graphics.cfg 2010/04/23 v1.9 graphics configuration of TeX Live
)
Package graphics Info: Driver file: pdftex.def on input line 94.
 (/usr/local/texlive/2015/texmf-dist/tex/latex/pdftex-def/pdftex.def
File: pdftex.def 2011/05/27 v0.06d Graphics/color for pdfTeX
 (/usr/local/texlive/2015/texmf-dist/tex/generic/oberdiek/infwarerr.sty
Package: infwarerr 2010/04/08 v1.3 Providing info/warning/error messages (HO)
) (/usr/local/texlive/2015/texmf-dist/tex/generic/oberdiek/ltxcmds.sty
Package: ltxcmds 2011/11/09 v1.22 LaTeX kernel commands for general use (HO)
)
\Gread@gobject=\count87
))
\Gin@req@height=\dimen103
\Gin@req@width=\dimen104
) (/usr/local/texlive/2015/texmf-dist/tex/latex/soul/soul.sty
Package: soul 2003/11/17 v2.4 letterspacing/underlining (mf)
\SOUL@word=\toks15
\SOUL@lasttoken=\toks16
\SOUL@cmds=\toks17
\SOUL@buffer=\toks18
\SOUL@token=\toks19
\SOUL@spaceskip=\skip43
\SOUL@ttwidth=\dimen105
\SOUL@uldp=\dimen106
\SOUL@ulht=\dimen107
) (/Users/jakubkotal/Documents/summaries/Einführung Programmierung/.texpadtmp/Eprog.aux)
\openout1 = `Eprog.aux'.

LaTeX Font Info:    Checking defaults for OML/cmm/m/it on input line 7.
LaTeX Font Info:    ... okay on input line 7.
LaTeX Font Info:    Checking defaults for T1/cmr/m/n on input line 7.
LaTeX Font Info:    ... okay on input line 7.
LaTeX Font Info:    Checking defaults for OT1/cmr/m/n on input line 7.
LaTeX Font Info:    ... okay on input line 7.
LaTeX Font Info:    Checking defaults for OMS/cmsy/m/n on input line 7.
LaTeX Font Info:    ... okay on input line 7.
LaTeX Font Info:    Checking defaults for OMX/cmex/m/n on input line 7.
LaTeX Font Info:    ... okay on input line 7.
LaTeX Font Info:    Checking defaults for U/cmr/m/n on input line 7.
LaTeX Font Info:    ... okay on input line 7.
 (/usr/local/texlive/2015/texmf-dist/tex/context/base/supp-pdf.mkii
[Loading MPS to PDF converter (version 2006.09.02).]
\scratchcounter=\count88
\scratchdimen=\dimen108
\scratchbox=\box26
\nofMPsegments=\count89
\nofMParguments=\count90
\everyMPshowfont=\toks20
\MPscratchCnt=\count91
\MPscratchDim=\dimen109
\MPnumerator=\count92
\makeMPintoPDFobject=\count93
\everyMPtoPDFconversion=\toks21
) (/usr/local/texlive/2015/texmf-dist/tex/generic/oberdiek/pdftexcmds.sty
Package: pdftexcmds 2011/11/29 v0.20 Utility functions of pdfTeX for LuaTeX (HO)
 (/usr/local/texlive/2015/texmf-dist/tex/generic/oberdiek/ifluatex.sty
Package: ifluatex 2010/03/01 v1.3 Provides the ifluatex switch (HO)
Package ifluatex Info: LuaTeX not detected.
) (/usr/local/texlive/2015/texmf-dist/tex/generic/oberdiek/ifpdf.sty
Package: ifpdf 2011/01/30 v2.3 Provides the ifpdf switch (HO)
Package ifpdf Info: pdfTeX in PDF mode is detected.
)
Package pdftexcmds Info: LuaTeX not detected.
Package pdftexcmds Info: \pdf@primitive is available.
Package pdftexcmds Info: \pdf@ifprimitive is available.
Package pdftexcmds Info: \pdfdraftmode found.
) (/usr/local/texlive/2015/texmf-dist/tex/latex/oberdiek/epstopdf-base.sty
Package: epstopdf-base 2010/02/09 v2.5 Base part for package epstopdf
 (/usr/local/texlive/2015/texmf-dist/tex/latex/oberdiek/grfext.sty
Package: grfext 2010/08/19 v1.1 Manage graphics extensions (HO)
 (/usr/local/texlive/2015/texmf-dist/tex/generic/oberdiek/kvdefinekeys.sty
Package: kvdefinekeys 2011/04/07 v1.3 Define keys (HO)
)) (/usr/local/texlive/2015/texmf-dist/tex/latex/oberdiek/kvoptions.sty
Package: kvoptions 2011/06/30 v3.11 Key value format for package options (HO)
 (/usr/local/texlive/2015/texmf-dist/tex/generic/oberdiek/kvsetkeys.sty
Package: kvsetkeys 2012/04/25 v1.16 Key value parser (HO)
 (/usr/local/texlive/2015/texmf-dist/tex/generic/oberdiek/etexcmds.sty
Package: etexcmds 2011/02/16 v1.5 Avoid name clashes with e-TeX commands (HO)
Package etexcmds Info: Could not find \expanded.
(etexcmds)             That can mean that you are not using pdfTeX 1.50 or
(etexcmds)             that some package has redefined \expanded.
(etexcmds)             In the latter case, load this package earlier.
)))
Package grfext Info: Graphics extension search list:
(grfext)             [.png,.pdf,.jpg,.mps,.jpeg,.jbig2,.jb2,.PNG,.PDF,.JPG,.JPEG,.JBIG2,.JB2,.eps]
(grfext)             \AppendGraphicsExtensions on input line 452.
 (/usr/local/texlive/2015/texmf-dist/tex/latex/latexconfig/epstopdf-sys.cfg
File: epstopdf-sys.cfg 2010/07/13 v1.3 Configuration of (r)epstopdf for TeX Live
))
Underfull \hbox (badness 10000) in paragraph at lines 11--15

 []

[1

{/usr/local/texlive/2015/texmf-var/fonts/map/pdftex/updmap/pdftex.map}]
Underfull \hbox (badness 10000) in paragraph at lines 39--42

 []


Overfull \hbox (6.49693pt too wide) in paragraph at lines 46--48
\OT1/cmr/m/n/10.95 Every fea-ture call, will al-ways be called on a ob-ject (your[]object.your[]feature).
 []

[2]
Underfull \hbox (badness 10000) in paragraph at lines 55--56

 []

[3] <feature.png, id=15, 1074.0125pt x 620.3175pt>
File: feature.png Graphic file (type png)
 <use feature.png>
Package pdftex.def Info: feature.png used on input line 57.
(pdftex.def)             Requested size: 512.1496pt x 295.79918pt.

Overfull \hbox (66.79134pt too wide) in paragraph at lines 57--58
 | [] 
 []

[4 <./feature.png>]
Underfull \hbox (badness 10000) in paragraph at lines 69--70

 []


Underfull \hbox (badness 10000) in paragraph at lines 69--70

 []

[5]
Underfull \hbox (badness 10000) in paragraph at lines 85--86

 []


Underfull \hbox (badness 10000) in paragraph at lines 85--86

 []

[6]
Underfull \hbox (badness 10000) in paragraph at lines 87--88

 []

[7]
Underfull \hbox (badness 10000) in paragraph at lines 107--108

 []


Underfull \hbox (badness 10000) in paragraph at lines 107--108

 []

[8] [9]
Underfull \hbox (badness 10000) in paragraph at lines 135--136

 []

[10]
Underfull \hbox (badness 10000) in paragraph at lines 149--152

 []


Underfull \hbox (badness 10000) in paragraph at lines 149--152

 []


Underfull \hbox (badness 10000) in paragraph at lines 154--156

 []

[11]
Underfull \hbox (badness 10000) in paragraph at lines 158--160

 []

[12]
Underfull \hbox (badness 10000) in paragraph at lines 161--162

 []


Underfull \hbox (badness 10000) in paragraph at lines 163--167

 []


Underfull \hbox (badness 10000) in paragraph at lines 163--167

 []

[13] [14]
Underfull \hbox (badness 10000) in paragraph at lines 192--193

 []

[15]
Underfull \hbox (badness 10000) in paragraph at lines 201--202

 []

[16]
Underfull \hbox (badness 10000) in paragraph at lines 207--208

 []

[17]
Underfull \hbox (badness 10000) in paragraph at lines 211--213

 []


Underfull \hbox (badness 10000) in paragraph at lines 216--217

 []


Underfull \hbox (badness 10000) in paragraph at lines 216--217

 []


Underfull \hbox (badness 10000) in paragraph at lines 216--217

 []

[18]
Underfull \hbox (badness 10000) in paragraph at lines 223--224

 []


Underfull \hbox (badness 10000) in paragraph at lines 223--224

 []

[19]
LaTeX Font Info:    External font `cmex10' loaded for size
(Font)              <10.95> on input line 225.
LaTeX Font Info:    External font `cmex10' loaded for size
(Font)              <8> on input line 225.
LaTeX Font Info:    External font `cmex10' loaded for size
(Font)              <6> on input line 225.

Underfull \hbox (badness 10000) in paragraph at lines 230--231

 []

[20] [21]
Underfull \hbox (badness 10000) in paragraph at lines 247--248

 []

<Eprog/array.png, id=76, 440.64626pt x 269.005pt>
File: Eprog/array.png Graphic file (type png)
 <use Eprog/array.png>
Package pdftex.def Info: Eprog/array.png used on input line 252.
(pdftex.def)             Requested size: 426.79134pt x 260.5569pt.

Overfull \hbox (66.79134pt too wide) in paragraph at lines 252--253
 [] 
 []

[22] <Eprog/list.png, id=80, 441.65pt x 300.12125pt>
File: Eprog/list.png Graphic file (type png)
 <use Eprog/list.png>
Package pdftex.def Info: Eprog/list.png used on input line 257.
(pdftex.def)             Requested size: 426.79134pt x 290.0365pt.

Overfull \hbox (66.79134pt too wide) in paragraph at lines 257--258
 [] 
 []

[23 <./Eprog/array.png>] <Eprog/linked.png, id=85, 438.63875pt x 291.0875pt>
File: Eprog/linked.png Graphic file (type png)
 <use Eprog/linked.png>
Package pdftex.def Info: Eprog/linked.png used on input line 262.
(pdftex.def)             Requested size: 426.79134pt x 283.22952pt.

Overfull \hbox (66.79134pt too wide) in paragraph at lines 262--263
 [] 
 []

[24 <./Eprog/list.png>] <Eprog/stack.png, id=90, 434.62375pt x 153.57375pt>
File: Eprog/stack.png Graphic file (type png)
 <use Eprog/stack.png>
Package pdftex.def Info: Eprog/stack.png used on input line 268.
(pdftex.def)             Requested size: 426.79134pt x 150.81525pt.

Overfull \hbox (66.79134pt too wide) in paragraph at lines 268--269
 [] 
 []

[25 <./Eprog/linked.png> <./Eprog/stack.png>] <Eprog/queue.png, id=97, 437.635pt x 147.55125pt>
File: Eprog/queue.png Graphic file (type png)
 <use Eprog/queue.png>
Package pdftex.def Info: Eprog/queue.png used on input line 274.
(pdftex.def)             Requested size: 426.79134pt x 143.89676pt.

Overfull \hbox (66.79134pt too wide) in paragraph at lines 274--275
 [] 
 []

<Eprog/table.png, id=98, 436.63126pt x 302.12875pt>
File: Eprog/table.png Graphic file (type png)
 <use Eprog/table.png>
Package pdftex.def Info: Eprog/table.png used on input line 282.
(pdftex.def)             Requested size: 426.79134pt x 295.31886pt.

Overfull \hbox (66.79134pt too wide) in paragraph at lines 282--283
 [] 
 []

[26 <./Eprog/queue.png>] [27 <./Eprog/table.png>]
Underfull \hbox (badness 10000) in paragraph at lines 293--294

 []


Underfull \hbox (badness 10000) in paragraph at lines 297--298

 []


Underfull \hbox (badness 10000) in paragraph at lines 297--298

 []

[28] [29]
Overfull \hbox (2.7192pt too wide) in paragraph at lines 309--310
\OT1/cmr/m/n/10.95 The user drives the pro-gram with dif-fer-ent event op-tions he can trig-ger(mouse
 []

<Eprog/model.png, id=113, 436.63126pt x 179.67125pt>
File: Eprog/model.png Graphic file (type png)
 <use Eprog/model.png>
Package pdftex.def Info: Eprog/model.png used on input line 312.
(pdftex.def)             Requested size: 426.79134pt x 175.6215pt.

Overfull \hbox (66.79134pt too wide) in paragraph at lines 312--313
 [] 
 []


Underfull \hbox (badness 10000) in paragraph at lines 316--317

 []

[30 <./Eprog/model.png>] <Eprog/pub.png, id=118, 563.10374pt x 336.25626pt>
File: Eprog/pub.png Graphic file (type png)
 <use Eprog/pub.png>
Package pdftex.def Info: Eprog/pub.png used on input line 319.
(pdftex.def)             Requested size: 426.79134pt x 254.8596pt.

Overfull \hbox (66.79134pt too wide) in paragraph at lines 319--320
 [] 
 []

[31 <./Eprog/pub.png>] [32] [33] (/Users/jakubkotal/Documents/summaries/Einführung Programmierung/.texpadtmp/Eprog.aux) ) 
Here is how much of TeX's memory you used:
 1703 strings out of 493089
 24803 string characters out of 6134842
 92775 words of memory out of 5000000
 5187 multiletter control sequences out of 15000+600000
 8210 words of font info for 29 fonts, out of 8000000 for 9000
 1141 hyphenation exceptions out of 8191
 38i,4n,23p,1093b,216s stack positions out of 5000i,500n,10000p,200000b,80000s
</usr/local/texlive/2015/texmf-dist/fonts/type1/public/amsfonts/cm/cmbx10.pfb></usr/local/texlive/2015/texmf-dist/fonts/type1/public/amsfonts/cm/cmbx12.pfb></usr/local/texlive/2015/texmf-dist/fonts/type1/public/amsfonts/cm/cmr10.pfb></usr/local/texlive/2015/texmf-dist/fonts/type1/public/amsfonts/cm/cmsy10.pfb>
Output written on "/Users/jakubkotal/Documents/summaries/Einführung Programmierung/.texpadtmp/Eprog.pdf" (33 pages, 2592347 bytes).
PDF statistics:
 145 PDF objects out of 1000 (max. 8388607)
 87 compressed objects within 1 object stream
 0 named destinations out of 1000 (max. 500000)
 46 words of extra memory for PDF output out of 10000 (max. 10000000)

